<?xml version="1.0" encoding="utf-8"?>
<CoverageSession xmlns:xsd="http://www.w3.org/2001/XMLSchema" xmlns:xsi="http://www.w3.org/2001/XMLSchema-instance" Version="0.0.0.0">
  <Summary numSequencePoints="173" visitedSequencePoints="5" numBranchPoints="0" visitedBranchPoints="0" sequenceCoverage="2.89" branchCoverage="0.0" maxCyclomaticComplexity="0" minCyclomaticComplexity="0" maxCrapScore="0" minCrapScore="0" visitedClasses="1" numClasses="11" visitedMethods="1" numMethods="22" />
  <Modules>
    <Module>
      <Summary numSequencePoints="173" visitedSequencePoints="5" numBranchPoints="0" visitedBranchPoints="0" sequenceCoverage="2.89" branchCoverage="0.0" maxCyclomaticComplexity="0" minCyclomaticComplexity="0" maxCrapScore="0" minCrapScore="0" visitedClasses="1" numClasses="11" visitedMethods="1" numMethods="22" />
      <ModuleTime>0001-01-01T00:00:00</ModuleTime>
      <ModuleName>Modules</ModuleName>
      <Files>
        <File uid="1" fullPath="D:/UnityProject/IdleWitch/Assets/Scripts/BasicFramework/FrameBase/MgrBase.cs" />
        <File uid="2" fullPath="D:/UnityProject/IdleWitch/Assets/Scripts/BasicFramework/FrameBase/MgrBaseMono.cs" />
        <File uid="3" fullPath="D:/UnityProject/IdleWitch/Assets/Scripts/BasicFramework/ResourceFrame/MgrJson.cs" />
        <File uid="4" fullPath="D:/UnityProject/IdleWitch/Assets/Scripts/BasicFramework/ResourceFrame/MgrMono.cs" />
        <File uid="5" fullPath="D:/UnityProject/IdleWitch/Assets/Scripts/BasicFramework/ResourceFrame/MgrPool.cs" />
        <File uid="6" fullPath="D:/UnityProject/IdleWitch/Assets/Scripts/BasicFramework/ResourceFrame/MgrResource.cs" />
        <File uid="7" fullPath="D:/UnityProject/IdleWitch/Assets/Scripts/BasicFramework/UnityFrame/GuiBase.cs" />
        <File uid="8" fullPath="D:/UnityProject/IdleWitch/Assets/Scripts/BasicFramework/UnityFrame/MgrAudio.cs" />
        <File uid="9" fullPath="D:/UnityProject/IdleWitch/Assets/Scripts/BasicFramework/UnityFrame/MgrEvent.cs" />
        <File uid="10" fullPath="D:/UnityProject/IdleWitch/Assets/Scripts/BasicFramework/UnityFrame/MgrGui.cs" />
        <File uid="11" fullPath="D:/UnityProject/IdleWitch/Assets/Scripts/BasicFramework/UnityFrame/MgrLocale.cs" />
        <File uid="12" fullPath="D:/UnityProject/IdleWitch/Assets/Scripts/BasicFramework/UnityFrame/MgrScene.cs" />
        <File uid="13" fullPath="D:/UnityProject/IdleWitch/Assets/Scripts/BasicFramework/UnityFrame/MgrScreen.cs" />
        <File uid="14" fullPath="D:/UnityProject/IdleWitch/Assets/Scripts/GUIPanels/SceneGeneral/GuiConfirm.cs" />
        <File uid="15" fullPath="D:/UnityProject/IdleWitch/Assets/Scripts/GUIPanels/SceneGeneral/GuiLoading.cs" />
        <File uid="16" fullPath="D:/UnityProject/IdleWitch/Assets/Scripts/GUIPanels/SceneGeneral/GuiSetting.cs" />
        <File uid="17" fullPath="D:/UnityProject/IdleWitch/Assets/Scripts/GUIPanels/SceneTitle/GuiTitle.cs" />
        <File uid="18" fullPath="D:/UnityProject/IdleWitch/Assets/Scripts/MgrConfig.cs" />
        <File uid="19" fullPath="D:/UnityProject/IdleWitch/Assets/Scripts/MgrGame.cs" />
        <File uid="20" fullPath="D:/UnityProject/IdleWitch/Assets/Scripts/SceneModule/SceneTitle.cs" />
      </Files>
      <Classes>
        <Class>
          <Summary numSequencePoints="5" visitedSequencePoints="0" numBranchPoints="0" visitedBranchPoints="0" sequenceCoverage="0.0" branchCoverage="0.0" maxCyclomaticComplexity="0" minCyclomaticComplexity="0" maxCrapScore="0" minCrapScore="0" visitedClasses="0" numClasses="1" visitedMethods="0" numMethods="1" />
          <FullName>MgrBase[T]</FullName>
          <Methods>
            <Method visited="false" cyclomaticComplexity="0" nPathComplexity="0" sequenceCoverage="0.0" branchCoverage="0" crapScore="0" isConstructor="false" isStatic="true" isGetter="false" isSetter="false">
              <Summary numSequencePoints="5" visitedSequencePoints="0" numBranchPoints="0" visitedBranchPoints="0" sequenceCoverage="0.0" branchCoverage="0" maxCyclomaticComplexity="0" minCyclomaticComplexity="0" maxCrapScore="0" minCrapScore="0" visitedClasses="0" numClasses="0" visitedMethods="0" numMethods="1" />
              <MetadataToken>100663301</MetadataToken>
              <Name>static T MgrBase[T]::Mgr()</Name>
              <FileRef uid="1" />
              <SequencePoints>
                <SequencePoint vc="0" uspid="996" ordinal="0" offset="0" sl="22" sc="0" el="22" ec="0" bec="0" bev="0" fileid="1" />
                <SequencePoint vc="0" uspid="997" ordinal="0" offset="1" sl="23" sc="0" el="23" ec="0" bec="0" bev="0" fileid="1" />
                <SequencePoint vc="0" uspid="998" ordinal="0" offset="18" sl="24" sc="0" el="24" ec="0" bec="0" bev="0" fileid="1" />
                <SequencePoint vc="0" uspid="999" ordinal="0" offset="28" sl="25" sc="0" el="25" ec="0" bec="0" bev="0" fileid="1" />
                <SequencePoint vc="0" uspid="1000" ordinal="0" offset="36" sl="26" sc="0" el="26" ec="0" bec="0" bev="0" fileid="1" />
              </SequencePoints>
              <BranchPoints />
            </Method>
          </Methods>
        </Class>
        <Class>
          <Summary numSequencePoints="9" visitedSequencePoints="0" numBranchPoints="0" visitedBranchPoints="0" sequenceCoverage="0.0" branchCoverage="0.0" maxCyclomaticComplexity="0" minCyclomaticComplexity="0" maxCrapScore="0" minCrapScore="0" visitedClasses="0" numClasses="1" visitedMethods="0" numMethods="1" />
          <FullName>MgrBaseMono[T]</FullName>
          <Methods>
            <Method visited="false" cyclomaticComplexity="0" nPathComplexity="0" sequenceCoverage="0.0" branchCoverage="0" crapScore="0" isConstructor="false" isStatic="true" isGetter="false" isSetter="false">
              <Summary numSequencePoints="9" visitedSequencePoints="0" numBranchPoints="0" visitedBranchPoints="0" sequenceCoverage="0.0" branchCoverage="0" maxCyclomaticComplexity="0" minCyclomaticComplexity="0" maxCrapScore="0" minCrapScore="0" visitedClasses="0" numClasses="0" visitedMethods="0" numMethods="1" />
              <MetadataToken>100663303</MetadataToken>
              <Name>static T MgrBaseMono[T]::Mgr()</Name>
              <FileRef uid="2" />
              <SequencePoints>
                <SequencePoint vc="0" uspid="1001" ordinal="0" offset="0" sl="23" sc="0" el="23" ec="0" bec="0" bev="0" fileid="2" />
                <SequencePoint vc="0" uspid="1002" ordinal="0" offset="1" sl="24" sc="0" el="24" ec="0" bec="0" bev="0" fileid="2" />
                <SequencePoint vc="0" uspid="1003" ordinal="0" offset="21" sl="24" sc="0" el="24" ec="0" bec="0" bev="0" fileid="2" />
                <SequencePoint vc="0" uspid="1004" ordinal="0" offset="22" sl="25" sc="0" el="25" ec="0" bec="0" bev="0" fileid="2" />
                <SequencePoint vc="0" uspid="1005" ordinal="0" offset="43" sl="26" sc="0" el="26" ec="0" bec="0" bev="0" fileid="2" />
                <SequencePoint vc="0" uspid="1006" ordinal="0" offset="54" sl="27" sc="0" el="27" ec="0" bec="0" bev="0" fileid="2" />
                <SequencePoint vc="0" uspid="1007" ordinal="0" offset="61" sl="28" sc="0" el="28" ec="0" bec="0" bev="0" fileid="2" />
                <SequencePoint vc="0" uspid="1008" ordinal="0" offset="62" sl="29" sc="0" el="29" ec="0" bec="0" bev="0" fileid="2" />
                <SequencePoint vc="0" uspid="1009" ordinal="0" offset="70" sl="30" sc="0" el="30" ec="0" bec="0" bev="0" fileid="2" />
              </SequencePoints>
              <BranchPoints />
            </Method>
          </Methods>
        </Class>
        <Class>
          <Summary numSequencePoints="43" visitedSequencePoints="5" numBranchPoints="0" visitedBranchPoints="0" sequenceCoverage="11.63" branchCoverage="0.0" maxCyclomaticComplexity="0" minCyclomaticComplexity="0" maxCrapScore="0" minCrapScore="0" visitedClasses="1" numClasses="1" visitedMethods="1" numMethods="4" />
          <FullName>MgrJson</FullName>
          <Methods>
            <Method visited="false" cyclomaticComplexity="0" nPathComplexity="0" sequenceCoverage="0.0" branchCoverage="0" crapScore="0" isConstructor="false" isStatic="false" isGetter="false" isSetter="false">
              <Summary numSequencePoints="15" visitedSequencePoints="0" numBranchPoints="0" visitedBranchPoints="0" sequenceCoverage="0.0" branchCoverage="0" maxCyclomaticComplexity="0" minCyclomaticComplexity="0" maxCrapScore="0" minCrapScore="0" visitedClasses="0" numClasses="0" visitedMethods="0" numMethods="1" />
              <MetadataToken>100663305</MetadataToken>
              <Name>System.Void MgrJson::WriteFile[T](T, System.String, System.String)</Name>
              <FileRef uid="3" />
              <SequencePoints>
                <SequencePoint vc="0" uspid="1010" ordinal="0" offset="0" sl="22" sc="0" el="22" ec="0" bec="0" bev="0" fileid="3" />
                <SequencePoint vc="0" uspid="1011" ordinal="0" offset="1" sl="23" sc="0" el="23" ec="0" bec="0" bev="0" fileid="3" />
                <SequencePoint vc="0" uspid="1012" ordinal="0" offset="19" sl="24" sc="0" el="24" ec="0" bec="0" bev="0" fileid="3" />
                <SequencePoint vc="0" uspid="1013" ordinal="0" offset="27" sl="26" sc="0" el="26" ec="0" bec="0" bev="0" fileid="3" />
                <SequencePoint vc="0" uspid="1014" ordinal="0" offset="28" sl="27" sc="0" el="27" ec="0" bec="0" bev="0" fileid="3" />
                <SequencePoint vc="0" uspid="1015" ordinal="0" offset="41" sl="27" sc="0" el="27" ec="0" bec="0" bev="0" fileid="3" />
                <SequencePoint vc="0" uspid="1016" ordinal="0" offset="42" sl="28" sc="0" el="28" ec="0" bec="0" bev="0" fileid="3" />
                <SequencePoint vc="0" uspid="1017" ordinal="0" offset="54" sl="29" sc="0" el="29" ec="0" bec="0" bev="0" fileid="3" />
                <SequencePoint vc="0" uspid="1018" ordinal="0" offset="55" sl="30" sc="0" el="30" ec="0" bec="0" bev="0" fileid="3" />
                <SequencePoint vc="0" uspid="1019" ordinal="0" offset="63" sl="31" sc="0" el="31" ec="0" bec="0" bev="0" fileid="3" />
                <SequencePoint vc="0" uspid="1020" ordinal="0" offset="66" sl="32" sc="0" el="32" ec="0" bec="0" bev="0" fileid="3" />
                <SequencePoint vc="0" uspid="1021" ordinal="0" offset="67" sl="32" sc="0" el="32" ec="0" bec="0" bev="0" fileid="3" />
                <SequencePoint vc="0" uspid="1022" ordinal="0" offset="68" sl="33" sc="0" el="33" ec="0" bec="0" bev="0" fileid="3" />
                <SequencePoint vc="0" uspid="1023" ordinal="0" offset="75" sl="34" sc="0" el="34" ec="0" bec="0" bev="0" fileid="3" />
                <SequencePoint vc="0" uspid="1024" ordinal="0" offset="78" sl="35" sc="0" el="35" ec="0" bec="0" bev="0" fileid="3" />
              </SequencePoints>
              <BranchPoints />
            </Method>
            <Method visited="false" cyclomaticComplexity="0" nPathComplexity="0" sequenceCoverage="0.0" branchCoverage="0" crapScore="0" isConstructor="false" isStatic="false" isGetter="false" isSetter="false">
              <Summary numSequencePoints="10" visitedSequencePoints="0" numBranchPoints="0" visitedBranchPoints="0" sequenceCoverage="0.0" branchCoverage="0" maxCyclomaticComplexity="0" minCyclomaticComplexity="0" maxCrapScore="0" minCrapScore="0" visitedClasses="0" numClasses="0" visitedMethods="0" numMethods="1" />
              <MetadataToken>100663306</MetadataToken>
              <Name>T MgrJson::ReadFile[T](System.String, System.String)</Name>
              <FileRef uid="3" />
              <SequencePoints>
                <SequencePoint vc="0" uspid="1025" ordinal="0" offset="0" sl="46" sc="0" el="46" ec="0" bec="0" bev="0" fileid="3" />
                <SequencePoint vc="0" uspid="1026" ordinal="0" offset="1" sl="47" sc="0" el="47" ec="0" bec="0" bev="0" fileid="3" />
                <SequencePoint vc="0" uspid="1027" ordinal="0" offset="19" sl="49" sc="0" el="49" ec="0" bec="0" bev="0" fileid="3" />
                <SequencePoint vc="0" uspid="1028" ordinal="0" offset="20" sl="50" sc="0" el="50" ec="0" bec="0" bev="0" fileid="3" />
                <SequencePoint vc="0" uspid="1029" ordinal="0" offset="27" sl="51" sc="0" el="51" ec="0" bec="0" bev="0" fileid="3" />
                <SequencePoint vc="0" uspid="1030" ordinal="0" offset="37" sl="53" sc="0" el="53" ec="0" bec="0" bev="0" fileid="3" />
                <SequencePoint vc="0" uspid="1031" ordinal="0" offset="38" sl="53" sc="0" el="53" ec="0" bec="0" bev="0" fileid="3" />
                <SequencePoint vc="0" uspid="1032" ordinal="0" offset="39" sl="54" sc="0" el="54" ec="0" bec="0" bev="0" fileid="3" />
                <SequencePoint vc="0" uspid="1033" ordinal="0" offset="46" sl="55" sc="0" el="55" ec="0" bec="0" bev="0" fileid="3" />
                <SequencePoint vc="0" uspid="1034" ordinal="0" offset="59" sl="57" sc="0" el="57" ec="0" bec="0" bev="0" fileid="3" />
              </SequencePoints>
              <BranchPoints />
            </Method>
            <Method visited="false" cyclomaticComplexity="0" nPathComplexity="0" sequenceCoverage="0.0" branchCoverage="0" crapScore="0" isConstructor="false" isStatic="false" isGetter="false" isSetter="false">
              <Summary numSequencePoints="9" visitedSequencePoints="0" numBranchPoints="0" visitedBranchPoints="0" sequenceCoverage="0.0" branchCoverage="0" maxCyclomaticComplexity="0" minCyclomaticComplexity="0" maxCrapScore="0" minCrapScore="0" visitedClasses="0" numClasses="0" visitedMethods="0" numMethods="1" />
              <MetadataToken>100663309</MetadataToken>
              <Name>T MgrJson::JsonToObject[T](System.String)</Name>
              <FileRef uid="3" />
              <SequencePoints>
                <SequencePoint vc="0" uspid="1069" ordinal="0" offset="0" sl="110" sc="0" el="110" ec="0" bec="0" bev="0" fileid="3" />
                <SequencePoint vc="0" uspid="1070" ordinal="0" offset="1" sl="111" sc="0" el="111" ec="0" bec="0" bev="0" fileid="3" />
                <SequencePoint vc="0" uspid="1071" ordinal="0" offset="2" sl="112" sc="0" el="112" ec="0" bec="0" bev="0" fileid="3" />
                <SequencePoint vc="0" uspid="1072" ordinal="0" offset="9" sl="113" sc="0" el="113" ec="0" bec="0" bev="0" fileid="3" />
                <SequencePoint vc="0" uspid="1073" ordinal="0" offset="13" sl="115" sc="0" el="115" ec="0" bec="0" bev="0" fileid="3" />
                <SequencePoint vc="0" uspid="1074" ordinal="0" offset="14" sl="115" sc="0" el="115" ec="0" bec="0" bev="0" fileid="3" />
                <SequencePoint vc="0" uspid="1075" ordinal="0" offset="15" sl="116" sc="0" el="116" ec="0" bec="0" bev="0" fileid="3" />
                <SequencePoint vc="0" uspid="1076" ordinal="0" offset="22" sl="117" sc="0" el="117" ec="0" bec="0" bev="0" fileid="3" />
                <SequencePoint vc="0" uspid="1077" ordinal="0" offset="34" sl="119" sc="0" el="119" ec="0" bec="0" bev="0" fileid="3" />
              </SequencePoints>
              <BranchPoints />
            </Method>
            <Method visited="true" cyclomaticComplexity="0" nPathComplexity="0" sequenceCoverage="55.56" branchCoverage="0" crapScore="0" isConstructor="false" isStatic="false" isGetter="false" isSetter="false">
              <Summary numSequencePoints="9" visitedSequencePoints="5" numBranchPoints="0" visitedBranchPoints="0" sequenceCoverage="55.56" branchCoverage="0" maxCyclomaticComplexity="0" minCyclomaticComplexity="0" maxCrapScore="0" minCrapScore="0" visitedClasses="0" numClasses="0" visitedMethods="1" numMethods="1" />
              <MetadataToken>100663310</MetadataToken>
              <Name>System.String MgrJson::ObjectToJson[T](T)</Name>
              <FileRef uid="3" />
              <SequencePoints>
                <SequencePoint vc="1" uspid="1078" ordinal="0" offset="0" sl="129" sc="0" el="129" ec="0" bec="0" bev="0" fileid="3" />
                <SequencePoint vc="1" uspid="1079" ordinal="0" offset="1" sl="130" sc="0" el="130" ec="0" bec="0" bev="0" fileid="3" />
                <SequencePoint vc="1" uspid="1080" ordinal="0" offset="2" sl="131" sc="0" el="131" ec="0" bec="0" bev="0" fileid="3" />
                <SequencePoint vc="1" uspid="1081" ordinal="0" offset="14" sl="132" sc="0" el="132" ec="0" bec="0" bev="0" fileid="3" />
                <SequencePoint vc="0" uspid="1082" ordinal="0" offset="18" sl="134" sc="0" el="134" ec="0" bec="0" bev="0" fileid="3" />
                <SequencePoint vc="0" uspid="1083" ordinal="0" offset="19" sl="134" sc="0" el="134" ec="0" bec="0" bev="0" fileid="3" />
                <SequencePoint vc="0" uspid="1084" ordinal="0" offset="20" sl="135" sc="0" el="135" ec="0" bec="0" bev="0" fileid="3" />
                <SequencePoint vc="0" uspid="1085" ordinal="0" offset="27" sl="136" sc="0" el="136" ec="0" bec="0" bev="0" fileid="3" />
                <SequencePoint vc="1" uspid="1086" ordinal="0" offset="31" sl="138" sc="0" el="138" ec="0" bec="0" bev="0" fileid="3" />
              </SequencePoints>
              <BranchPoints />
            </Method>
          </Methods>
        </Class>
        <Class>
          <Summary numSequencePoints="7" visitedSequencePoints="0" numBranchPoints="0" visitedBranchPoints="0" sequenceCoverage="0.0" branchCoverage="0.0" maxCyclomaticComplexity="0" minCyclomaticComplexity="0" maxCrapScore="0" minCrapScore="0" visitedClasses="0" numClasses="1" visitedMethods="0" numMethods="2" />
          <FullName>MgrResource</FullName>
          <Methods>
            <Method visited="false" cyclomaticComplexity="0" nPathComplexity="0" sequenceCoverage="0.0" branchCoverage="0" crapScore="0" isConstructor="false" isStatic="false" isGetter="false" isSetter="false">
              <Summary numSequencePoints="4" visitedSequencePoints="0" numBranchPoints="0" visitedBranchPoints="0" sequenceCoverage="0.0" branchCoverage="0" maxCyclomaticComplexity="0" minCyclomaticComplexity="0" maxCrapScore="0" minCrapScore="0" visitedClasses="0" numClasses="0" visitedMethods="0" numMethods="1" />
              <MetadataToken>100663333</MetadataToken>
              <Name>T MgrResource::Load[T](System.String)</Name>
              <FileRef uid="6" />
              <SequencePoints>
                <SequencePoint vc="0" uspid="1149" ordinal="0" offset="0" sl="20" sc="0" el="20" ec="0" bec="0" bev="0" fileid="6" />
                <SequencePoint vc="0" uspid="1150" ordinal="0" offset="1" sl="21" sc="0" el="21" ec="0" bec="0" bev="0" fileid="6" />
                <SequencePoint vc="0" uspid="1151" ordinal="0" offset="8" sl="22" sc="0" el="22" ec="0" bec="0" bev="0" fileid="6" />
                <SequencePoint vc="0" uspid="1152" ordinal="0" offset="12" sl="23" sc="0" el="23" ec="0" bec="0" bev="0" fileid="6" />
              </SequencePoints>
              <BranchPoints />
            </Method>
            <Method visited="false" cyclomaticComplexity="0" nPathComplexity="0" sequenceCoverage="0.0" branchCoverage="0" crapScore="0" isConstructor="false" isStatic="false" isGetter="false" isSetter="false">
              <Summary numSequencePoints="3" visitedSequencePoints="0" numBranchPoints="0" visitedBranchPoints="0" sequenceCoverage="0.0" branchCoverage="0" maxCyclomaticComplexity="0" minCyclomaticComplexity="0" maxCrapScore="0" minCrapScore="0" visitedClasses="0" numClasses="0" visitedMethods="0" numMethods="1" />
              <MetadataToken>100663334</MetadataToken>
              <Name>System.Void MgrResource::LoadAsync[T](System.String, UnityEngine.Events.UnityAction[T])</Name>
              <FileRef uid="6" />
              <SequencePoints>
                <SequencePoint vc="0" uspid="1153" ordinal="0" offset="0" sl="33" sc="0" el="33" ec="0" bec="0" bev="0" fileid="6" />
                <SequencePoint vc="0" uspid="1154" ordinal="0" offset="1" sl="34" sc="0" el="34" ec="0" bec="0" bev="0" fileid="6" />
                <SequencePoint vc="0" uspid="1155" ordinal="0" offset="20" sl="35" sc="0" el="35" ec="0" bec="0" bev="0" fileid="6" />
              </SequencePoints>
              <BranchPoints />
            </Method>
          </Methods>
        </Class>
        <Class>
          <Summary numSequencePoints="41" visitedSequencePoints="0" numBranchPoints="0" visitedBranchPoints="0" sequenceCoverage="0.0" branchCoverage="0.0" maxCyclomaticComplexity="0" minCyclomaticComplexity="0" maxCrapScore="0" minCrapScore="0" visitedClasses="0" numClasses="1" visitedMethods="0" numMethods="2" />
          <FullName>GuiBase</FullName>
          <Methods>
            <Method visited="false" cyclomaticComplexity="0" nPathComplexity="0" sequenceCoverage="0.0" branchCoverage="0" crapScore="0" isConstructor="false" isStatic="false" isGetter="false" isSetter="false">
              <Summary numSequencePoints="13" visitedSequencePoints="0" numBranchPoints="0" visitedBranchPoints="0" sequenceCoverage="0.0" branchCoverage="0" maxCyclomaticComplexity="0" minCyclomaticComplexity="0" maxCrapScore="0" minCrapScore="0" visitedClasses="0" numClasses="0" visitedMethods="0" numMethods="1" />
              <MetadataToken>100663342</MetadataToken>
              <Name>T GuiBase::GetComponent[T](System.String)</Name>
              <FileRef uid="7" />
              <SequencePoints>
                <SequencePoint vc="0" uspid="1174" ordinal="0" offset="0" sl="49" sc="0" el="49" ec="0" bec="0" bev="0" fileid="7" />
                <SequencePoint vc="0" uspid="1175" ordinal="0" offset="1" sl="50" sc="0" el="50" ec="0" bec="0" bev="0" fileid="7" />
                <SequencePoint vc="0" uspid="1176" ordinal="0" offset="17" sl="51" sc="0" el="51" ec="0" bec="0" bev="0" fileid="7" />
                <SequencePoint vc="0" uspid="1177" ordinal="0" offset="18" sl="52" sc="0" el="52" ec="0" bec="0" bev="0" fileid="7" />
                <SequencePoint vc="0" uspid="1178" ordinal="0" offset="22" sl="53" sc="0" el="53" ec="0" bec="0" bev="0" fileid="7" />
                <SequencePoint vc="0" uspid="1179" ordinal="0" offset="23" sl="54" sc="0" el="54" ec="0" bec="0" bev="0" fileid="7" />
                <SequencePoint vc="0" uspid="1180" ordinal="0" offset="53" sl="55" sc="0" el="55" ec="0" bec="0" bev="0" fileid="7" />
                <SequencePoint vc="0" uspid="1181" ordinal="0" offset="84" sl="56" sc="0" el="56" ec="0" bec="0" bev="0" fileid="7" />
                <SequencePoint vc="0" uspid="1182" ordinal="0" offset="85" sl="52" sc="0" el="52" ec="0" bec="0" bev="0" fileid="7" />
                <SequencePoint vc="0" uspid="1183" ordinal="0" offset="89" sl="52" sc="0" el="52" ec="0" bec="0" bev="0" fileid="7" />
                <SequencePoint vc="0" uspid="1184" ordinal="0" offset="115" sl="57" sc="0" el="57" ec="0" bec="0" bev="0" fileid="7" />
                <SequencePoint vc="0" uspid="1185" ordinal="0" offset="116" sl="58" sc="0" el="58" ec="0" bec="0" bev="0" fileid="7" />
                <SequencePoint vc="0" uspid="1186" ordinal="0" offset="129" sl="59" sc="0" el="59" ec="0" bec="0" bev="0" fileid="7" />
              </SequencePoints>
              <BranchPoints />
            </Method>
            <Method visited="false" cyclomaticComplexity="0" nPathComplexity="0" sequenceCoverage="0.0" branchCoverage="0" crapScore="0" isConstructor="false" isStatic="false" isGetter="false" isSetter="false">
              <Summary numSequencePoints="28" visitedSequencePoints="0" numBranchPoints="0" visitedBranchPoints="0" sequenceCoverage="0.0" branchCoverage="0" maxCyclomaticComplexity="0" minCyclomaticComplexity="0" maxCrapScore="0" minCrapScore="0" visitedClasses="0" numClasses="0" visitedMethods="0" numMethods="1" />
              <MetadataToken>100663343</MetadataToken>
              <Name>System.Void GuiBase::AddChildrenControl[T]()</Name>
              <FileRef uid="7" />
              <SequencePoints>
                <SequencePoint vc="0" uspid="1187" ordinal="0" offset="0" sl="66" sc="0" el="66" ec="0" bec="0" bev="0" fileid="7" />
                <SequencePoint vc="0" uspid="1188" ordinal="0" offset="1" sl="67" sc="0" el="67" ec="0" bec="0" bev="0" fileid="7" />
                <SequencePoint vc="0" uspid="1189" ordinal="0" offset="8" sl="69" sc="0" el="69" ec="0" bec="0" bev="0" fileid="7" />
                <SequencePoint vc="0" uspid="1190" ordinal="0" offset="28" sl="70" sc="0" el="70" ec="0" bec="0" bev="0" fileid="7" />
                <SequencePoint vc="0" uspid="1191" ordinal="0" offset="29" sl="71" sc="0" el="71" ec="0" bec="0" bev="0" fileid="7" />
                <SequencePoint vc="0" uspid="1192" ordinal="0" offset="57" sl="73" sc="0" el="73" ec="0" bec="0" bev="0" fileid="7" />
                <SequencePoint vc="0" uspid="1193" ordinal="0" offset="78" sl="74" sc="0" el="74" ec="0" bec="0" bev="0" fileid="7" />
                <SequencePoint vc="0" uspid="1194" ordinal="0" offset="115" sl="76" sc="0" el="76" ec="0" bec="0" bev="0" fileid="7" />
                <SequencePoint vc="0" uspid="1195" ordinal="0" offset="157" sl="80" sc="0" el="80" ec="0" bec="0" bev="0" fileid="7" />
                <SequencePoint vc="0" uspid="1196" ordinal="0" offset="183" sl="81" sc="0" el="81" ec="0" bec="0" bev="0" fileid="7" />
                <SequencePoint vc="0" uspid="1197" ordinal="0" offset="184" sl="82" sc="0" el="82" ec="0" bec="0" bev="0" fileid="7" />
                <SequencePoint vc="0" uspid="1198" ordinal="0" offset="224" sl="86" sc="0" el="86" ec="0" bec="0" bev="0" fileid="7" />
                <SequencePoint vc="0" uspid="1199" ordinal="0" offset="230" sl="88" sc="0" el="88" ec="0" bec="0" bev="0" fileid="7" />
                <SequencePoint vc="0" uspid="1200" ordinal="0" offset="256" sl="89" sc="0" el="89" ec="0" bec="0" bev="0" fileid="7" />
                <SequencePoint vc="0" uspid="1201" ordinal="0" offset="257" sl="90" sc="0" el="90" ec="0" bec="0" bev="0" fileid="7" />
                <SequencePoint vc="0" uspid="1202" ordinal="0" offset="297" sl="94" sc="0" el="94" ec="0" bec="0" bev="0" fileid="7" />
                <SequencePoint vc="0" uspid="1203" ordinal="0" offset="303" sl="96" sc="0" el="96" ec="0" bec="0" bev="0" fileid="7" />
                <SequencePoint vc="0" uspid="1204" ordinal="0" offset="329" sl="97" sc="0" el="97" ec="0" bec="0" bev="0" fileid="7" />
                <SequencePoint vc="0" uspid="1205" ordinal="0" offset="330" sl="98" sc="0" el="98" ec="0" bec="0" bev="0" fileid="7" />
                <SequencePoint vc="0" uspid="1206" ordinal="0" offset="370" sl="102" sc="0" el="102" ec="0" bec="0" bev="0" fileid="7" />
                <SequencePoint vc="0" uspid="1207" ordinal="0" offset="373" sl="104" sc="0" el="104" ec="0" bec="0" bev="0" fileid="7" />
                <SequencePoint vc="0" uspid="1208" ordinal="0" offset="399" sl="105" sc="0" el="105" ec="0" bec="0" bev="0" fileid="7" />
                <SequencePoint vc="0" uspid="1209" ordinal="0" offset="400" sl="106" sc="0" el="106" ec="0" bec="0" bev="0" fileid="7" />
                <SequencePoint vc="0" uspid="1210" ordinal="0" offset="440" sl="110" sc="0" el="110" ec="0" bec="0" bev="0" fileid="7" />
                <SequencePoint vc="0" uspid="1211" ordinal="0" offset="441" sl="111" sc="0" el="111" ec="0" bec="0" bev="0" fileid="7" />
                <SequencePoint vc="0" uspid="1212" ordinal="0" offset="442" sl="69" sc="0" el="69" ec="0" bec="0" bev="0" fileid="7" />
                <SequencePoint vc="0" uspid="1213" ordinal="0" offset="446" sl="69" sc="0" el="69" ec="0" bec="0" bev="0" fileid="7" />
                <SequencePoint vc="0" uspid="1214" ordinal="0" offset="461" sl="112" sc="0" el="112" ec="0" bec="0" bev="0" fileid="7" />
              </SequencePoints>
              <BranchPoints />
            </Method>
          </Methods>
        </Class>
        <Class>
          <Summary numSequencePoints="16" visitedSequencePoints="0" numBranchPoints="0" visitedBranchPoints="0" sequenceCoverage="0.0" branchCoverage="0.0" maxCyclomaticComplexity="0" minCyclomaticComplexity="0" maxCrapScore="0" minCrapScore="0" visitedClasses="0" numClasses="1" visitedMethods="0" numMethods="3" />
          <FullName>MgrEvent</FullName>
          <Methods>
            <Method visited="false" cyclomaticComplexity="0" nPathComplexity="0" sequenceCoverage="0.0" branchCoverage="0" crapScore="0" isConstructor="false" isStatic="false" isGetter="false" isSetter="false">
              <Summary numSequencePoints="5" visitedSequencePoints="0" numBranchPoints="0" visitedBranchPoints="0" sequenceCoverage="0.0" branchCoverage="0" maxCyclomaticComplexity="0" minCyclomaticComplexity="0" maxCrapScore="0" minCrapScore="0" visitedClasses="0" numClasses="0" visitedMethods="0" numMethods="1" />
              <MetadataToken>100663369</MetadataToken>
              <Name>System.Void MgrEvent::AddEventListener[T](System.String, UnityEngine.Events.UnityAction[T])</Name>
              <FileRef uid="9" />
              <SequencePoints>
                <SequencePoint vc="0" uspid="1449" ordinal="0" offset="0" sl="22" sc="0" el="22" ec="0" bec="0" bev="0" fileid="9" />
                <SequencePoint vc="0" uspid="1450" ordinal="0" offset="1" sl="24" sc="0" el="24" ec="0" bec="0" bev="0" fileid="9" />
                <SequencePoint vc="0" uspid="1451" ordinal="0" offset="17" sl="25" sc="0" el="25" ec="0" bec="0" bev="0" fileid="9" />
                <SequencePoint vc="0" uspid="1452" ordinal="0" offset="58" sl="27" sc="0" el="27" ec="0" bec="0" bev="0" fileid="9" />
                <SequencePoint vc="0" uspid="1453" ordinal="0" offset="77" sl="28" sc="0" el="28" ec="0" bec="0" bev="0" fileid="9" />
              </SequencePoints>
              <BranchPoints />
            </Method>
            <Method visited="false" cyclomaticComplexity="0" nPathComplexity="0" sequenceCoverage="0.0" branchCoverage="0" crapScore="0" isConstructor="false" isStatic="false" isGetter="false" isSetter="false">
              <Summary numSequencePoints="7" visitedSequencePoints="0" numBranchPoints="0" visitedBranchPoints="0" sequenceCoverage="0.0" branchCoverage="0" maxCyclomaticComplexity="0" minCyclomaticComplexity="0" maxCrapScore="0" minCrapScore="0" visitedClasses="0" numClasses="0" visitedMethods="0" numMethods="1" />
              <MetadataToken>100663371</MetadataToken>
              <Name>System.Void MgrEvent::EventTrigger[T](System.String, T)</Name>
              <FileRef uid="9" />
              <SequencePoints>
                <SequencePoint vc="0" uspid="1459" ordinal="0" offset="0" sl="51" sc="0" el="51" ec="0" bec="0" bev="0" fileid="9" />
                <SequencePoint vc="0" uspid="1460" ordinal="0" offset="1" sl="53" sc="0" el="53" ec="0" bec="0" bev="0" fileid="9" />
                <SequencePoint vc="0" uspid="1461" ordinal="0" offset="17" sl="54" sc="0" el="54" ec="0" bec="0" bev="0" fileid="9" />
                <SequencePoint vc="0" uspid="1462" ordinal="0" offset="18" sl="55" sc="0" el="55" ec="0" bec="0" bev="0" fileid="9" />
                <SequencePoint vc="0" uspid="1463" ordinal="0" offset="47" sl="56" sc="0" el="56" ec="0" bec="0" bev="0" fileid="9" />
                <SequencePoint vc="0" uspid="1464" ordinal="0" offset="76" sl="57" sc="0" el="57" ec="0" bec="0" bev="0" fileid="9" />
                <SequencePoint vc="0" uspid="1465" ordinal="0" offset="77" sl="58" sc="0" el="58" ec="0" bec="0" bev="0" fileid="9" />
              </SequencePoints>
              <BranchPoints />
            </Method>
            <Method visited="false" cyclomaticComplexity="0" nPathComplexity="0" sequenceCoverage="0.0" branchCoverage="0" crapScore="0" isConstructor="false" isStatic="false" isGetter="false" isSetter="false">
              <Summary numSequencePoints="4" visitedSequencePoints="0" numBranchPoints="0" visitedBranchPoints="0" sequenceCoverage="0.0" branchCoverage="0" maxCyclomaticComplexity="0" minCyclomaticComplexity="0" maxCrapScore="0" minCrapScore="0" visitedClasses="0" numClasses="0" visitedMethods="0" numMethods="1" />
              <MetadataToken>100663373</MetadataToken>
              <Name>System.Void MgrEvent::RemoveEventListener[T](System.String, UnityEngine.Events.UnityAction[T])</Name>
              <FileRef uid="9" />
              <SequencePoints>
                <SequencePoint vc="0" uspid="1473" ordinal="0" offset="0" sl="82" sc="0" el="82" ec="0" bec="0" bev="0" fileid="9" />
                <SequencePoint vc="0" uspid="1474" ordinal="0" offset="1" sl="83" sc="0" el="83" ec="0" bec="0" bev="0" fileid="9" />
                <SequencePoint vc="0" uspid="1475" ordinal="0" offset="17" sl="84" sc="0" el="84" ec="0" bec="0" bev="0" fileid="9" />
                <SequencePoint vc="0" uspid="1476" ordinal="0" offset="56" sl="85" sc="0" el="85" ec="0" bec="0" bev="0" fileid="9" />
              </SequencePoints>
              <BranchPoints />
            </Method>
          </Methods>
        </Class>
        <Class>
          <Summary numSequencePoints="20" visitedSequencePoints="0" numBranchPoints="0" visitedBranchPoints="0" sequenceCoverage="0.0" branchCoverage="0.0" maxCyclomaticComplexity="0" minCyclomaticComplexity="0" maxCrapScore="0" minCrapScore="0" visitedClasses="0" numClasses="1" visitedMethods="0" numMethods="2" />
          <FullName>MgrGui</FullName>
          <Methods>
            <Method visited="false" cyclomaticComplexity="0" nPathComplexity="0" sequenceCoverage="0.0" branchCoverage="0" crapScore="0" isConstructor="false" isStatic="false" isGetter="false" isSetter="false">
              <Summary numSequencePoints="15" visitedSequencePoints="0" numBranchPoints="0" visitedBranchPoints="0" sequenceCoverage="0.0" branchCoverage="0" maxCyclomaticComplexity="0" minCyclomaticComplexity="0" maxCrapScore="0" minCrapScore="0" visitedClasses="0" numClasses="0" visitedMethods="0" numMethods="1" />
              <MetadataToken>100663379</MetadataToken>
              <Name>System.Void MgrGui::ShowGUI[T](System.String, System.Int32, UnityEngine.Events.UnityAction[T])</Name>
              <FileRef uid="10" />
              <SequencePoints>
                <SequencePoint vc="0" uspid="1498" ordinal="0" offset="34" sl="49" sc="0" el="49" ec="0" bec="0" bev="0" fileid="10" />
                <SequencePoint vc="0" uspid="1499" ordinal="0" offset="35" sl="50" sc="0" el="50" ec="0" bec="0" bev="0" fileid="10" />
                <SequencePoint vc="0" uspid="1500" ordinal="0" offset="48" sl="53" sc="0" el="53" ec="0" bec="0" bev="0" fileid="10" />
                <SequencePoint vc="0" uspid="1501" ordinal="0" offset="72" sl="53" sc="0" el="53" ec="0" bec="0" bev="0" fileid="10" />
                <SequencePoint vc="0" uspid="1502" ordinal="0" offset="73" sl="54" sc="0" el="54" ec="0" bec="0" bev="0" fileid="10" />
                <SequencePoint vc="0" uspid="1503" ordinal="0" offset="96" sl="56" sc="0" el="56" ec="0" bec="0" bev="0" fileid="10" />
                <SequencePoint vc="0" uspid="1504" ordinal="0" offset="152" sl="56" sc="0" el="56" ec="0" bec="0" bev="0" fileid="10" />
                <SequencePoint vc="0" uspid="1505" ordinal="0" offset="153" sl="57" sc="0" el="57" ec="0" bec="0" bev="0" fileid="10" />
                <SequencePoint vc="0" uspid="1506" ordinal="0" offset="197" sl="58" sc="0" el="58" ec="0" bec="0" bev="0" fileid="10" />
                <SequencePoint vc="0" uspid="1507" ordinal="0" offset="198" sl="59" sc="0" el="59" ec="0" bec="0" bev="0" fileid="10" />
                <SequencePoint vc="0" uspid="1508" ordinal="0" offset="210" sl="60" sc="0" el="60" ec="0" bec="0" bev="0" fileid="10" />
                <SequencePoint vc="0" uspid="1509" ordinal="0" offset="223" sl="61" sc="0" el="61" ec="0" bec="0" bev="0" fileid="10" />
                <SequencePoint vc="0" uspid="1510" ordinal="0" offset="262" sl="62" sc="0" el="62" ec="0" bec="0" bev="0" fileid="10" />
                <SequencePoint vc="0" uspid="1511" ordinal="0" offset="264" sl="65" sc="0" el="65" ec="0" bec="0" bev="0" fileid="10" />
                <SequencePoint vc="0" uspid="1512" ordinal="0" offset="303" sl="80" sc="0" el="80" ec="0" bec="0" bev="0" fileid="10" />
              </SequencePoints>
              <BranchPoints />
            </Method>
            <Method visited="false" cyclomaticComplexity="0" nPathComplexity="0" sequenceCoverage="0.0" branchCoverage="0" crapScore="0" isConstructor="false" isStatic="false" isGetter="false" isSetter="false">
              <Summary numSequencePoints="5" visitedSequencePoints="0" numBranchPoints="0" visitedBranchPoints="0" sequenceCoverage="0.0" branchCoverage="0" maxCyclomaticComplexity="0" minCyclomaticComplexity="0" maxCrapScore="0" minCrapScore="0" visitedClasses="0" numClasses="0" visitedMethods="0" numMethods="1" />
              <MetadataToken>100663381</MetadataToken>
              <Name>T MgrGui::GetGUI[T](System.String)</Name>
              <FileRef uid="10" />
              <SequencePoints>
                <SequencePoint vc="0" uspid="1522" ordinal="0" offset="0" sl="102" sc="0" el="102" ec="0" bec="0" bev="0" fileid="10" />
                <SequencePoint vc="0" uspid="1523" ordinal="0" offset="1" sl="103" sc="0" el="103" ec="0" bec="0" bev="0" fileid="10" />
                <SequencePoint vc="0" uspid="1524" ordinal="0" offset="17" sl="104" sc="0" el="104" ec="0" bec="0" bev="0" fileid="10" />
                <SequencePoint vc="0" uspid="1525" ordinal="0" offset="42" sl="105" sc="0" el="105" ec="0" bec="0" bev="0" fileid="10" />
                <SequencePoint vc="0" uspid="1526" ordinal="0" offset="54" sl="106" sc="0" el="106" ec="0" bec="0" bev="0" fileid="10" />
              </SequencePoints>
              <BranchPoints />
            </Method>
          </Methods>
        </Class>
        <Class>
          <Summary numSequencePoints="5" visitedSequencePoints="0" numBranchPoints="0" visitedBranchPoints="0" sequenceCoverage="0.0" branchCoverage="0.0" maxCyclomaticComplexity="0" minCyclomaticComplexity="0" maxCrapScore="0" minCrapScore="0" visitedClasses="0" numClasses="1" visitedMethods="0" numMethods="1" />
          <FullName>MgrResource&lt;ILoadAsync&gt;d__2[T]</FullName>
          <Methods>
            <Method visited="false" cyclomaticComplexity="0" nPathComplexity="0" sequenceCoverage="0.0" branchCoverage="0" crapScore="0" isConstructor="false" isStatic="false" isGetter="false" isSetter="false">
              <Summary numSequencePoints="5" visitedSequencePoints="0" numBranchPoints="0" visitedBranchPoints="0" sequenceCoverage="0.0" branchCoverage="0" maxCyclomaticComplexity="0" minCyclomaticComplexity="0" maxCrapScore="0" minCrapScore="0" visitedClasses="0" numClasses="0" visitedMethods="0" numMethods="1" />
              <MetadataToken>100663464</MetadataToken>
              <Name>System.Boolean MgrResource&lt;ILoadAsync&gt;d__2[T]::MoveNext()</Name>
              <FileRef uid="6" />
              <SequencePoints>
                <SequencePoint vc="0" uspid="1882" ordinal="0" offset="31" sl="40" sc="0" el="40" ec="0" bec="0" bev="0" fileid="6" />
                <SequencePoint vc="0" uspid="1883" ordinal="0" offset="32" sl="41" sc="0" el="41" ec="0" bec="0" bev="0" fileid="6" />
                <SequencePoint vc="0" uspid="1884" ordinal="0" offset="49" sl="42" sc="0" el="42" ec="0" bec="0" bev="0" fileid="6" />
                <SequencePoint vc="0" uspid="1885" ordinal="0" offset="77" sl="44" sc="0" el="44" ec="0" bec="0" bev="0" fileid="6" />
                <SequencePoint vc="0" uspid="1886" ordinal="0" offset="110" sl="45" sc="0" el="45" ec="0" bec="0" bev="0" fileid="6" />
              </SequencePoints>
              <BranchPoints />
            </Method>
          </Methods>
        </Class>
        <Class>
          <Summary numSequencePoints="12" visitedSequencePoints="0" numBranchPoints="0" visitedBranchPoints="0" sequenceCoverage="0.0" branchCoverage="0.0" maxCyclomaticComplexity="0" minCyclomaticComplexity="0" maxCrapScore="0" minCrapScore="0" visitedClasses="0" numClasses="1" visitedMethods="0" numMethods="4" />
          <FullName>GuiBase&lt;&gt;c__DisplayClass5_0[T]</FullName>
          <Methods>
            <Method visited="false" cyclomaticComplexity="0" nPathComplexity="0" sequenceCoverage="0.0" branchCoverage="0" crapScore="0" isConstructor="false" isStatic="false" isGetter="false" isSetter="false">
              <Summary numSequencePoints="3" visitedSequencePoints="0" numBranchPoints="0" visitedBranchPoints="0" sequenceCoverage="0.0" branchCoverage="0" maxCyclomaticComplexity="0" minCyclomaticComplexity="0" maxCrapScore="0" minCrapScore="0" visitedClasses="0" numClasses="0" visitedMethods="0" numMethods="1" />
              <MetadataToken>100663469</MetadataToken>
              <Name>System.Void GuiBase&lt;&gt;c__DisplayClass5_0[T]::&lt;AddChildrenControl&gt;b__0()</Name>
              <FileRef uid="7" />
              <SequencePoints>
                <SequencePoint vc="0" uspid="1887" ordinal="0" offset="0" sl="83" sc="0" el="83" ec="0" bec="0" bev="0" fileid="7" />
                <SequencePoint vc="0" uspid="1888" ordinal="0" offset="1" sl="84" sc="0" el="84" ec="0" bec="0" bev="0" fileid="7" />
                <SequencePoint vc="0" uspid="1889" ordinal="0" offset="19" sl="85" sc="0" el="85" ec="0" bec="0" bev="0" fileid="7" />
              </SequencePoints>
              <BranchPoints />
            </Method>
            <Method visited="false" cyclomaticComplexity="0" nPathComplexity="0" sequenceCoverage="0.0" branchCoverage="0" crapScore="0" isConstructor="false" isStatic="false" isGetter="false" isSetter="false">
              <Summary numSequencePoints="3" visitedSequencePoints="0" numBranchPoints="0" visitedBranchPoints="0" sequenceCoverage="0.0" branchCoverage="0" maxCyclomaticComplexity="0" minCyclomaticComplexity="0" maxCrapScore="0" minCrapScore="0" visitedClasses="0" numClasses="0" visitedMethods="0" numMethods="1" />
              <MetadataToken>100663470</MetadataToken>
              <Name>System.Void GuiBase&lt;&gt;c__DisplayClass5_0[T]::&lt;AddChildrenControl&gt;b__1(System.Boolean)</Name>
              <FileRef uid="7" />
              <SequencePoints>
                <SequencePoint vc="0" uspid="1890" ordinal="0" offset="0" sl="91" sc="0" el="91" ec="0" bec="0" bev="0" fileid="7" />
                <SequencePoint vc="0" uspid="1891" ordinal="0" offset="1" sl="92" sc="0" el="92" ec="0" bec="0" bev="0" fileid="7" />
                <SequencePoint vc="0" uspid="1892" ordinal="0" offset="20" sl="93" sc="0" el="93" ec="0" bec="0" bev="0" fileid="7" />
              </SequencePoints>
              <BranchPoints />
            </Method>
            <Method visited="false" cyclomaticComplexity="0" nPathComplexity="0" sequenceCoverage="0.0" branchCoverage="0" crapScore="0" isConstructor="false" isStatic="false" isGetter="false" isSetter="false">
              <Summary numSequencePoints="3" visitedSequencePoints="0" numBranchPoints="0" visitedBranchPoints="0" sequenceCoverage="0.0" branchCoverage="0" maxCyclomaticComplexity="0" minCyclomaticComplexity="0" maxCrapScore="0" minCrapScore="0" visitedClasses="0" numClasses="0" visitedMethods="0" numMethods="1" />
              <MetadataToken>100663471</MetadataToken>
              <Name>System.Void GuiBase&lt;&gt;c__DisplayClass5_0[T]::&lt;AddChildrenControl&gt;b__2(System.Single)</Name>
              <FileRef uid="7" />
              <SequencePoints>
                <SequencePoint vc="0" uspid="1893" ordinal="0" offset="0" sl="99" sc="0" el="99" ec="0" bec="0" bev="0" fileid="7" />
                <SequencePoint vc="0" uspid="1894" ordinal="0" offset="1" sl="100" sc="0" el="100" ec="0" bec="0" bev="0" fileid="7" />
                <SequencePoint vc="0" uspid="1895" ordinal="0" offset="20" sl="101" sc="0" el="101" ec="0" bec="0" bev="0" fileid="7" />
              </SequencePoints>
              <BranchPoints />
            </Method>
            <Method visited="false" cyclomaticComplexity="0" nPathComplexity="0" sequenceCoverage="0.0" branchCoverage="0" crapScore="0" isConstructor="false" isStatic="false" isGetter="false" isSetter="false">
              <Summary numSequencePoints="3" visitedSequencePoints="0" numBranchPoints="0" visitedBranchPoints="0" sequenceCoverage="0.0" branchCoverage="0" maxCyclomaticComplexity="0" minCyclomaticComplexity="0" maxCrapScore="0" minCrapScore="0" visitedClasses="0" numClasses="0" visitedMethods="0" numMethods="1" />
              <MetadataToken>100663472</MetadataToken>
              <Name>System.Void GuiBase&lt;&gt;c__DisplayClass5_0[T]::&lt;AddChildrenControl&gt;b__3(System.String)</Name>
              <FileRef uid="7" />
              <SequencePoints>
                <SequencePoint vc="0" uspid="1896" ordinal="0" offset="0" sl="107" sc="0" el="107" ec="0" bec="0" bev="0" fileid="7" />
                <SequencePoint vc="0" uspid="1897" ordinal="0" offset="1" sl="108" sc="0" el="108" ec="0" bec="0" bev="0" fileid="7" />
                <SequencePoint vc="0" uspid="1898" ordinal="0" offset="20" sl="109" sc="0" el="109" ec="0" bec="0" bev="0" fileid="7" />
              </SequencePoints>
              <BranchPoints />
            </Method>
          </Methods>
        </Class>
        <Class>
          <Summary numSequencePoints="4" visitedSequencePoints="0" numBranchPoints="0" visitedBranchPoints="0" sequenceCoverage="0.0" branchCoverage="0.0" maxCyclomaticComplexity="0" minCyclomaticComplexity="0" maxCrapScore="0" minCrapScore="0" visitedClasses="0" numClasses="1" visitedMethods="0" numMethods="1" />
          <FullName>MgrEventEventInfo[T]</FullName>
          <Methods>
            <Method visited="false" cyclomaticComplexity="0" nPathComplexity="0" sequenceCoverage="0.0" branchCoverage="0" crapScore="0" isConstructor="true" isStatic="false" isGetter="false" isSetter="false">
              <Summary numSequencePoints="4" visitedSequencePoints="0" numBranchPoints="0" visitedBranchPoints="0" sequenceCoverage="0.0" branchCoverage="0" maxCyclomaticComplexity="0" minCyclomaticComplexity="0" maxCrapScore="0" minCrapScore="0" visitedClasses="0" numClasses="0" visitedMethods="0" numMethods="1" />
              <MetadataToken>100663476</MetadataToken>
              <Name>MgrEventEventInfo[T]::EventInfo(UnityEngine.Events.UnityAction[T])</Name>
              <FileRef uid="9" />
              <SequencePoints>
                <SequencePoint vc="0" uspid="1920" ordinal="0" offset="0" sl="127" sc="0" el="127" ec="0" bec="0" bev="0" fileid="9" />
                <SequencePoint vc="0" uspid="1921" ordinal="0" offset="7" sl="128" sc="0" el="128" ec="0" bec="0" bev="0" fileid="9" />
                <SequencePoint vc="0" uspid="1922" ordinal="0" offset="8" sl="129" sc="0" el="129" ec="0" bec="0" bev="0" fileid="9" />
                <SequencePoint vc="0" uspid="1923" ordinal="0" offset="31" sl="130" sc="0" el="130" ec="0" bec="0" bev="0" fileid="9" />
              </SequencePoints>
              <BranchPoints />
            </Method>
          </Methods>
        </Class>
        <Class>
          <Summary numSequencePoints="11" visitedSequencePoints="0" numBranchPoints="0" visitedBranchPoints="0" sequenceCoverage="0.0" branchCoverage="0.0" maxCyclomaticComplexity="0" minCyclomaticComplexity="0" maxCrapScore="0" minCrapScore="0" visitedClasses="0" numClasses="1" visitedMethods="0" numMethods="1" />
          <FullName>MgrGui&lt;&gt;c__DisplayClass8_0[T]</FullName>
          <Methods>
            <Method visited="false" cyclomaticComplexity="0" nPathComplexity="0" sequenceCoverage="0.0" branchCoverage="0" crapScore="0" isConstructor="false" isStatic="false" isGetter="false" isSetter="false">
              <Summary numSequencePoints="11" visitedSequencePoints="0" numBranchPoints="0" visitedBranchPoints="0" sequenceCoverage="0.0" branchCoverage="0" maxCyclomaticComplexity="0" minCyclomaticComplexity="0" maxCrapScore="0" minCrapScore="0" visitedClasses="0" numClasses="0" visitedMethods="0" numMethods="1" />
              <MetadataToken>100663479</MetadataToken>
              <Name>System.Void MgrGui&lt;&gt;c__DisplayClass8_0[T]::&lt;ShowGUI&gt;b__0(UnityEngine.GameObject)</Name>
              <FileRef uid="10" />
              <SequencePoints>
                <SequencePoint vc="0" uspid="1928" ordinal="0" offset="0" sl="65" sc="0" el="65" ec="0" bec="0" bev="0" fileid="10" />
                <SequencePoint vc="0" uspid="1929" ordinal="0" offset="1" sl="67" sc="0" el="67" ec="0" bec="0" bev="0" fileid="10" />
                <SequencePoint vc="0" uspid="1930" ordinal="0" offset="8" sl="68" sc="0" el="68" ec="0" bec="0" bev="0" fileid="10" />
                <SequencePoint vc="0" uspid="1931" ordinal="0" offset="15" sl="69" sc="0" el="69" ec="0" bec="0" bev="0" fileid="10" />
                <SequencePoint vc="0" uspid="1932" ordinal="0" offset="54" sl="71" sc="0" el="71" ec="0" bec="0" bev="0" fileid="10" />
                <SequencePoint vc="0" uspid="1933" ordinal="0" offset="67" sl="73" sc="0" el="73" ec="0" bec="0" bev="0" fileid="10" />
                <SequencePoint vc="0" uspid="1934" ordinal="0" offset="84" sl="74" sc="0" el="74" ec="0" bec="0" bev="0" fileid="10" />
                <SequencePoint vc="0" uspid="1935" ordinal="0" offset="113" sl="76" sc="0" el="76" ec="0" bec="0" bev="0" fileid="10" />
                <SequencePoint vc="0" uspid="1936" ordinal="0" offset="125" sl="77" sc="0" el="77" ec="0" bec="0" bev="0" fileid="10" />
                <SequencePoint vc="0" uspid="1937" ordinal="0" offset="138" sl="78" sc="0" el="78" ec="0" bec="0" bev="0" fileid="10" />
                <SequencePoint vc="0" uspid="1938" ordinal="0" offset="166" sl="79" sc="0" el="79" ec="0" bec="0" bev="0" fileid="10" />
              </SequencePoints>
              <BranchPoints />
            </Method>
          </Methods>
        </Class>
      </Classes>
    </Module>
  </Modules>
</CoverageSession>